<?xml version="1.0" encoding="UTF-8"?>
<!-- Generated by org.testng.reporters.JUnitReportReporter -->
<testsuite hostname="SIDDHU" failures="0" tests="1" name="tdigital.ksight.LoginTest" time="16.459" errors="0" timestamp="2024-02-18T13:35:50 EST" skipped="0">
  <testcase classname="tdigital.ksight.LoginTest" name="TC_login1" time="16.459"/>
</testsuite> <!-- tdigital.ksight.LoginTest -->
