<?xml version="1.0" encoding="UTF-8"?>
<!-- Generated by org.testng.reporters.JUnitReportReporter -->
<testsuite hostname="SIDDHU" failures="0" tests="1" name="tdigital.ksight.Scrolling" time="9.559" errors="0" timestamp="2024-02-18T00:30:58 EST" skipped="0">
  <testcase classname="tdigital.ksight.Scrolling" name="scrollByPixel" time="9.559"/>
</testsuite> <!-- tdigital.ksight.Scrolling -->
